<?xml version="1.0" encoding="UTF-8"?>
<!-- Generated by org.testng.reporters.JUnitReportReporter -->
<testsuite hostname="DESKTOP-BGTGHC3" failures="0" tests="1" name="Practice.seleLondonChallenge" time="40.202" errors="0" timestamp="2022-08-27T15:21:31 IST" skipped="0">
  <testcase classname="Practice.seleLondonChallenge" name="test" time="40.202"/>
  <system-out/>
</testsuite> <!-- Practice.seleLondonChallenge -->
