<?xml version="1.0" encoding="UTF-8"?>
<!-- Generated by org.testng.reporters.JUnitReportReporter -->
<testsuite hostname="DESKTOP-BGTGHC3" failures="0" tests="1" name="com.vtiger.comcast.organisationtest.CreateOrganisationTNG" time="23.431" errors="0" timestamp="2022-08-22T16:10:00 IST" skipped="0">
  <testcase classname="com.vtiger.comcast.organisationtest.CreateOrganisationTNG" name="createOrgTest" time="23.431"/>
  <system-out/>
</testsuite> <!-- com.vtiger.comcast.organisationtest.CreateOrganisationTNG -->
