<?xml version="1.0" encoding="UTF-8"?>
<!-- Generated by org.testng.reporters.JUnitReportReporter -->
<testsuite hostname="DESKTOP-BGTGHC3" failures="0" tests="1" name="com.vtiger.comcast.organisationtest.testnG" time="0.011" errors="0" timestamp="2022-08-23T10:41:46 IST" skipped="0">
  <testcase classname="com.vtiger.comcast.organisationtest.testnG" name="test" time="0.011"/>
  <system-out/>
</testsuite> <!-- com.vtiger.comcast.organisationtest.testnG -->
