<?xml version="1.0" encoding="UTF-8"?>
<!-- Generated by org.testng.reporters.JUnitReportReporter -->
<testsuite hostname="DESKTOP-BGTGHC3" failures="0" tests="1" name="com.vtiger.comcast.organisationtest.QuoteModuleTNG" time="34.526" errors="0" timestamp="2022-08-22T16:14:31 IST" skipped="0">
  <testcase classname="com.vtiger.comcast.organisationtest.QuoteModuleTNG" name="quote" time="34.526"/>
  <system-out/>
</testsuite> <!-- com.vtiger.comcast.organisationtest.QuoteModuleTNG -->
